[Thu Nov 09 09:08:18.965122 2017] [:notice] [pid 11:tid 140160978777984] FastCGI: process manager initialized (pid 11)
[Thu Nov 09 09:08:18.965351 2017] [core:warn] [pid 10:tid 140160978777984] AH00098: pid file /var/run/apache2/apache2.pid overwritten -- Unclean shutdown of previous Apache run?
[Thu Nov 09 09:08:18.966178 2017] [mpm_event:notice] [pid 10:tid 140160978777984] AH00489: Apache/2.4.7 (Ubuntu) mod_fastcgi/mod_fastcgi-SNAP-0910052141 configured -- resuming normal operations
[Thu Nov 09 09:08:18.966201 2017] [core:notice] [pid 10:tid 140160978777984] AH00094: Command line: '/usr/sbin/apache2 -D FOREGROUND'
[Thu Nov 09 09:09:38.888615 2017] [:notice] [pid 14:tid 140708730832768] FastCGI: process manager initialized (pid 14)
[Thu Nov 09 09:09:38.888826 2017] [core:warn] [pid 13:tid 140708730832768] AH00098: pid file /var/run/apache2/apache2.pid overwritten -- Unclean shutdown of previous Apache run?
[Thu Nov 09 09:09:38.889531 2017] [mpm_event:notice] [pid 13:tid 140708730832768] AH00489: Apache/2.4.7 (Ubuntu) mod_fastcgi/mod_fastcgi-SNAP-0910052141 configured -- resuming normal operations
[Thu Nov 09 09:09:38.889553 2017] [core:notice] [pid 13:tid 140708730832768] AH00094: Command line: '/usr/sbin/apache2 -D FOREGROUND'
[Thu Nov 09 09:14:20.564741 2017] [:error] [pid 15:tid 140708640761600] [client 172.20.0.1:37594] FastCGI: server "/usr/lib/cgi-bin/php7.1.fcgi" stderr: PHP message: PHP Warning:  require(/var/www/html/docroot/public/../vendor/autoload.php): failed to open stream: No such file or directory in /var/www/html/docroot/public/index.php on line 24
[Thu Nov 09 09:14:20.564886 2017] [:error] [pid 15:tid 140708640761600] [client 172.20.0.1:37594] FastCGI: server "/usr/lib/cgi-bin/php7.1.fcgi" stderr: PHP message: PHP Fatal error:  require(): Failed opening required '/var/www/html/docroot/public/../vendor/autoload.php' (include_path='.:/usr/share/php') in /var/www/html/docroot/public/index.php on line 24
[Thu Nov 09 09:54:36.565179 2017] [mpm_event:notice] [pid 13:tid 140708730832768] AH00491: caught SIGTERM, shutting down
[Thu Nov 09 09:54:36.575440 2017] [:alert] [pid 14:tid 140708730832768] (4)Interrupted system call: FastCGI: read() from pipe failed (0)
[Thu Nov 09 09:54:36.575512 2017] [:alert] [pid 14:tid 140708730832768] (4)Interrupted system call: FastCGI: the PM is shutting down, Apache seems to have disappeared - bye
[Thu Nov 09 09:55:04.289357 2017] [:notice] [pid 11:tid 139888070805376] FastCGI: process manager initialized (pid 11)
[Thu Nov 09 09:55:04.290084 2017] [mpm_event:notice] [pid 10:tid 139888070805376] AH00489: Apache/2.4.7 (Ubuntu) mod_fastcgi/mod_fastcgi-SNAP-0910052141 configured -- resuming normal operations
[Thu Nov 09 09:55:04.290140 2017] [core:notice] [pid 10:tid 139888070805376] AH00094: Command line: '/usr/sbin/apache2 -D FOREGROUND'
[Thu Nov 09 09:55:45.505455 2017] [mpm_event:notice] [pid 10:tid 139888070805376] AH00491: caught SIGTERM, shutting down
[Thu Nov 09 09:55:45.515650 2017] [:alert] [pid 11:tid 139888070805376] FastCGI: read() from pipe failed (0)
[Thu Nov 09 09:55:45.515675 2017] [:alert] [pid 11:tid 139888070805376] FastCGI: the PM is shutting down, Apache seems to have disappeared - bye
[Thu Nov 09 09:56:51.430311 2017] [:notice] [pid 11:tid 140513030330240] FastCGI: process manager initialized (pid 11)
[Thu Nov 09 09:56:51.431199 2017] [mpm_event:notice] [pid 10:tid 140513030330240] AH00489: Apache/2.4.7 (Ubuntu) mod_fastcgi/mod_fastcgi-SNAP-0910052141 configured -- resuming normal operations
[Thu Nov 09 09:56:51.431287 2017] [core:notice] [pid 10:tid 140513030330240] AH00094: Command line: '/usr/sbin/apache2 -D FOREGROUND'
[Thu Nov 09 09:57:48.952083 2017] [mpm_event:notice] [pid 10:tid 140513030330240] AH00491: caught SIGTERM, shutting down
[Thu Nov 09 09:57:48.962278 2017] [:alert] [pid 11:tid 140513030330240] FastCGI: read() from pipe failed (0)
[Thu Nov 09 09:57:48.962307 2017] [:alert] [pid 11:tid 140513030330240] FastCGI: the PM is shutting down, Apache seems to have disappeared - bye
[Thu Nov 09 09:58:35.124855 2017] [:notice] [pid 13:tid 139773775492992] FastCGI: process manager initialized (pid 13)
[Thu Nov 09 09:58:35.125630 2017] [mpm_event:notice] [pid 10:tid 139773775492992] AH00489: Apache/2.4.7 (Ubuntu) mod_fastcgi/mod_fastcgi-SNAP-0910052141 configured -- resuming normal operations
[Thu Nov 09 09:58:35.125701 2017] [core:notice] [pid 10:tid 139773775492992] AH00094: Command line: '/usr/sbin/apache2 -D FOREGROUND'
[Thu Nov 09 10:00:11.135610 2017] [mpm_event:notice] [pid 10:tid 139773775492992] AH00491: caught SIGTERM, shutting down
[Thu Nov 09 10:00:11.145848 2017] [:alert] [pid 13:tid 139773775492992] FastCGI: read() from pipe failed (0)
[Thu Nov 09 10:00:11.145894 2017] [:alert] [pid 13:tid 139773775492992] FastCGI: the PM is shutting down, Apache seems to have disappeared - bye
[Thu Nov 09 10:07:55.476520 2017] [:notice] [pid 11:tid 139880044832640] FastCGI: process manager initialized (pid 11)
[Thu Nov 09 10:07:55.477039 2017] [mpm_event:notice] [pid 10:tid 139880044832640] AH00489: Apache/2.4.7 (Ubuntu) mod_fastcgi/mod_fastcgi-SNAP-0910052141 configured -- resuming normal operations
[Thu Nov 09 10:07:55.477092 2017] [core:notice] [pid 10:tid 139880044832640] AH00094: Command line: '/usr/sbin/apache2 -D FOREGROUND'
[Thu Nov 09 10:08:36.305408 2017] [mpm_event:notice] [pid 10:tid 139880044832640] AH00491: caught SIGTERM, shutting down
[Thu Nov 09 10:08:36.315652 2017] [:alert] [pid 11:tid 139880044832640] FastCGI: read() from pipe failed (0)
[Thu Nov 09 10:08:36.315681 2017] [:alert] [pid 11:tid 139880044832640] FastCGI: the PM is shutting down, Apache seems to have disappeared - bye
[Thu Nov 09 10:08:44.007706 2017] [:notice] [pid 13:tid 139739221198720] FastCGI: process manager initialized (pid 13)
[Thu Nov 09 10:08:44.009219 2017] [mpm_event:notice] [pid 10:tid 139739221198720] AH00489: Apache/2.4.7 (Ubuntu) mod_fastcgi/mod_fastcgi-SNAP-0910052141 configured -- resuming normal operations
[Thu Nov 09 10:08:44.009302 2017] [core:notice] [pid 10:tid 139739221198720] AH00094: Command line: '/usr/sbin/apache2 -D FOREGROUND'
[Thu Nov 09 10:08:57.280569 2017] [mpm_event:notice] [pid 10:tid 139739221198720] AH00491: caught SIGTERM, shutting down
[Thu Nov 09 10:08:57.290803 2017] [:alert] [pid 13:tid 139739221198720] FastCGI: read() from pipe failed (0)
[Thu Nov 09 10:08:57.290836 2017] [:alert] [pid 13:tid 139739221198720] FastCGI: the PM is shutting down, Apache seems to have disappeared - bye
[Thu Nov 09 10:09:05.552196 2017] [:notice] [pid 11:tid 140622003992448] FastCGI: process manager initialized (pid 11)
[Thu Nov 09 10:09:05.552719 2017] [mpm_event:notice] [pid 10:tid 140622003992448] AH00489: Apache/2.4.7 (Ubuntu) mod_fastcgi/mod_fastcgi-SNAP-0910052141 configured -- resuming normal operations
[Thu Nov 09 10:09:05.552776 2017] [core:notice] [pid 10:tid 140622003992448] AH00094: Command line: '/usr/sbin/apache2 -D FOREGROUND'
[Thu Nov 09 10:09:26.262620 2017] [mpm_event:notice] [pid 10:tid 140622003992448] AH00491: caught SIGTERM, shutting down
[Thu Nov 09 10:09:26.272895 2017] [:alert] [pid 11:tid 140622003992448] FastCGI: read() from pipe failed (0)
[Thu Nov 09 10:09:26.272922 2017] [:alert] [pid 11:tid 140622003992448] FastCGI: the PM is shutting down, Apache seems to have disappeared - bye
[Thu Nov 09 10:09:36.641067 2017] [:notice] [pid 13:tid 139720773953408] FastCGI: process manager initialized (pid 13)
[Thu Nov 09 10:09:36.641656 2017] [mpm_event:notice] [pid 10:tid 139720773953408] AH00489: Apache/2.4.7 (Ubuntu) mod_fastcgi/mod_fastcgi-SNAP-0910052141 configured -- resuming normal operations
[Thu Nov 09 10:09:36.641711 2017] [core:notice] [pid 10:tid 139720773953408] AH00094: Command line: '/usr/sbin/apache2 -D FOREGROUND'
[Fri Dec 22 07:32:03.034838 2017] [:notice] [pid 14:tid 140443790657408] FastCGI: process manager initialized (pid 14)
[Fri Dec 22 07:32:03.035119 2017] [core:warn] [pid 13:tid 140443790657408] AH00098: pid file /var/run/apache2/apache2.pid overwritten -- Unclean shutdown of previous Apache run?
[Fri Dec 22 07:32:03.036099 2017] [mpm_event:notice] [pid 13:tid 140443790657408] AH00489: Apache/2.4.7 (Ubuntu) mod_fastcgi/mod_fastcgi-SNAP-0910052141 configured -- resuming normal operations
[Fri Dec 22 07:32:03.036154 2017] [core:notice] [pid 13:tid 140443790657408] AH00094: Command line: '/usr/sbin/apache2 -D FOREGROUND'
[Fri Jan 12 06:46:54.426626 2018] [:notice] [pid 11:tid 140716077291392] FastCGI: process manager initialized (pid 11)
[Fri Jan 12 06:46:54.426744 2018] [core:warn] [pid 10:tid 140716077291392] AH00098: pid file /var/run/apache2/apache2.pid overwritten -- Unclean shutdown of previous Apache run?
[Fri Jan 12 06:46:54.427262 2018] [mpm_event:notice] [pid 10:tid 140716077291392] AH00489: Apache/2.4.7 (Ubuntu) mod_fastcgi/mod_fastcgi-SNAP-0910052141 configured -- resuming normal operations
[Fri Jan 12 06:46:54.427277 2018] [core:notice] [pid 10:tid 140716077291392] AH00094: Command line: '/usr/sbin/apache2 -D FOREGROUND'
[Fri Jan 12 06:49:56.125631 2018] [mpm_event:notice] [pid 10:tid 140716077291392] AH00491: caught SIGTERM, shutting down
[Fri Jan 12 06:49:56.135825 2018] [:alert] [pid 11:tid 140716077291392] FastCGI: read() from pipe failed (0)
[Fri Jan 12 06:49:56.135848 2018] [:alert] [pid 11:tid 140716077291392] FastCGI: the PM is shutting down, Apache seems to have disappeared - bye
